--0551226f--2020-04-07--vue-bot
7	17	BACKERS.md
5	15	README.md

--0aa40775--2020-04-07--vue-bot
28	29	BACKERS.md

--2be3b10d--2020-04-07--Tim Gates
1	1	src/platforms/web/runtime/modules/dom-props.js

--0c9b831d--2020-04-04--dependabot[bot]
3	3	yarn.lock

--53963424--2020-03-31--Rodrigo Graça
1	1	.editorconfig

--e68f83d0--2020-03-30--YuLe
1	1	src/core/instance/render-helpers/bind-dynamic-keys.js

--a59e05c2--2020-03-12--Ikko Ashimine
--98b9270a--2020-03-10--Evan You
17	17	README.md

--caa33e0a--2020-03-09--vue-bot
7	2	BACKERS.md
10	5	README.md

--01852a72--2020-03-09--vue-bot
4	26	BACKERS.md
4	26	README.md

--aba19fd1--2020-03-09--vue-bot
32	27	BACKERS.md

--bce5b985--2020-03-06--bakugod
3	3	README.md

--2f1f8e9a--2020-02-27--vue-bot
11	4	BACKERS.md
13	6	README.md

--fcc78a45--2020-02-19--dependabot[bot]
85	23	yarn.lock

--6390f70c--2020-02-11--阿豪
4	4	src/platforms/web/server/util.js

--dad3d99f--2020-02-11--Ikko Ashimine
2	2	README.md

--230d6740--2020-02-11--Evan You
2	2	BACKERS.md
2	2	README.md

--5a2ec264--2020-02-11--vue-bot
9	4	BACKERS.md
9	4	README.md

--7963b53a--2020-02-11--vue-bot
16	24	BACKERS.md

--841bb084--2020-02-07--hareku
1	1	test/unit/modules/vdom/patch/element.spec.js

--7d8c4f69--2020-02-05--vue-bot
5	0	BACKERS.md
5	0	README.md

--6f93c00b--2020-02-05--vue-bot
5	0	BACKERS.md

--468c323a--2020-01-26--Alan
1	1	dist/README.md

--b07087de--2020-01-06--vue-bot
8	28	BACKERS.md
8	28	README.md

--8f7a024c--2020-01-06--vue-bot
21	25	BACKERS.md

--044e0c4e--2020-01-03--vue-bot
6	1	BACKERS.md
1	1	README.md

--20834ea6--2020-01-03--vue-bot
6	1	BACKERS.md
1	1	README.md

--cbb9efcc--2020-01-02--Evan You
2	2	BACKERS.md
2	2	README.md

--237294d8--2020-01-01--vue-bot
8	13	BACKERS.md
8	13	README.md

--90a23e75--2020-01-01--Evan You
8	13	BACKERS.md
8	13	README.md

--b3451825--2020-01-01--vue-bot
24	20	BACKERS.md

--0a5485ac--2020-01-01--vue-bot
24	20	BACKERS.md

--ec78fc8b--2019-12-13--Evan You
1	1	package.json

--a98048fa--2019-12-13--Evan You
38	17	dist/vue.common.dev.js
2	2	dist/vue.common.prod.js
38	17	dist/vue.esm.browser.js
2	2	dist/vue.esm.browser.min.js
38	17	dist/vue.esm.js
38	17	dist/vue.js
2	2	dist/vue.min.js
16	10	dist/vue.runtime.common.dev.js
2	2	dist/vue.runtime.common.prod.js
16	10	dist/vue.runtime.esm.js
16	10	dist/vue.runtime.js
2	2	dist/vue.runtime.min.js
23	8	packages/vue-server-renderer/basic.js
23	8	packages/vue-server-renderer/build.dev.js
1	1	packages/vue-server-renderer/build.prod.js
1	1	packages/vue-server-renderer/package.json
22	7	packages/vue-template-compiler/browser.js
22	7	packages/vue-template-compiler/build.js
1	1	packages/vue-template-compiler/package.json
1105	550	packages/weex-template-compiler/build.js
2770	2409	packages/weex-vue-framework/factory.js

--fc41f913--2019-12-13--Evan You
6	1	yarn.lock

--70429c37--2019-12-13--Mateus Velleda Vellar
1	1	package.json
1	1	packages/vue-server-renderer/package.json

--9fbd4166--2019-12-08--vue-bot
0	22	BACKERS.md
0	7	README.md

--a9740225--2019-12-08--vue-bot
27	30	BACKERS.md

--6b4c0f9c--2019-12-05--7006
1	1	src/platforms/web/compiler/modules/model.js

--0d38339d--2019-11-19--Eduardo San Martin Morote
1	1	src/core/vdom/create-component.js

--fd0eaf92--2019-11-19--vue-bot
7	0	BACKERS.md
7	0	README.md

--2c6a827b--2019-11-12--vue-bot
5	0	BACKERS.md
5	0	README.md

--50623873--2019-11-12--Evan You
--f796ab49--2019-11-12--vue-bot
2	14	BACKERS.md
4	16	README.md

--276c0829--2019-11-12--vue-bot
26	24	BACKERS.md

--9f567970--2019-11-12--vue-bot
4	11	BACKERS.md
6	13	README.md

--aed0ca8d--2019-11-05--vue-bot
2	14	BACKERS.md
4	16	README.md

--3bc470dd--2019-11-05--vue-bot
26	24	BACKERS.md

--4821149b--2019-10-30--katashin
2	2	package.json
1	1	types/options.d.ts
16	17	types/test/options-test.ts
10	5	yarn.lock

--9f5563c0--2019-10-28--Evan You
5	0	BACKERS.md

--b805a192--2019-10-28--dependabot[bot]
5	5	yarn.lock

--bd47e5b8--2019-10-28--dependabot[bot]
3	3	yarn.lock

--fd42082a--2019-10-28--dependabot[bot]
3	3	yarn.lock

--fa55a20e--2019-10-28--dependabot[bot]
18	13	yarn.lock

--d1164f1a--2019-10-28--Mattias Naarttijärvi
2	2	README.md

--3c90820e--2019-10-28--dependabot[bot]
3	3	yarn.lock

--3bc73226--2019-10-28--dependabot[bot]
3	3	yarn.lock

--0645fe61--2019-10-28--dependabot[bot]
8	6	yarn.lock

--b885e1e8--2019-10-28--vue-bot
10	3	BACKERS.md
10	3	README.md

--13fb7510--2019-10-23--vue-bot
10	3	BACKERS.md
10	3	README.md

--8f7cce48--2019-10-13--dependabot[bot]
3	3	yarn.lock

--d7d8ff06--2019-10-08--EVILLT
1	1	src/core/util/next-tick.js

--e8ca21ff--2019-10-07--Evan You
2	2	BACKERS.md
2	2	README.md

--78aefcf6--2019-10-06--vue-bot
22	21	BACKERS.md

--33d9d812--2019-10-06--vue-bot
5	0	BACKERS.md
5	0	README.md

--979be573--2019-10-06--Evan You
--2b5c47ae--2019-10-06--vue-bot
5	7	BACKERS.md
0	7	README.md

--5d928fc7--2019-10-06--vue-bot
6	1	BACKERS.md
5	0	README.md

--c8e60b02--2019-10-05--vue-bot
16	8	BACKERS.md
10	7	README.md

--814ed002--2019-10-05--vue-bot
22	21	BACKERS.md

--00d1c5db--2019-10-01--vue-bot
11	8	BACKERS.md
5	7	README.md

--463a5431--2019-10-01--vue-bot
6	1	BACKERS.md
5	0	README.md

--3dcd85b8--2019-10-01--Tan Zhen Yong
1	1	src/compiler/parser/index.js

--235064eb--2019-09-25--Evan You
2	2	BACKERS.md

--b9b84925--2019-09-24--vue-bot
5	0	BACKERS.md

--d2db6af1--2019-09-23--vue-bot
5	0	BACKERS.md
5	0	README.md

--77796596--2019-09-19--vue-bot
25	27	BACKERS.md

--5bbb077c--2019-09-19--Tommy Lebel
1	1	packages/vue-template-compiler/README.md

--3d1c8f5c--2019-09-17--Eduardo San Martin Morote
1	1	src/core/util/props.js

--b52883cd--2019-09-17--Eduardo San Martin Morote
11	10	src/core/util/props.js
10	0	test/unit/features/options/props.spec.js

--95d8afa0--2019-09-04--vue-bot
7	0	BACKERS.md
7	0	README.md

--399b5366--2019-08-24--Eduardo San Martin Morote
1	1	.github/FUNDING.yml

--369dbe71--2019-08-12--Daniel Ruf
1	1	benchmarks/uptime/index.html

--fe34f96a--2019-08-07--Eduardo San Martin Morote
1	1	src/compiler/codegen/events.js
25	0	test/unit/modules/compiler/codegen.spec.js

--d40b7ddb--2019-08-07--Li Yongcheng
3	3	src/compiler/error-detector.js

--1a43722e--2019-08-05--vue-bot
13	8	BACKERS.md
13	8	README.md

--64fcad64--2019-08-05--vue-bot
25	30	BACKERS.md

--78c3ce0c--2019-07-31--Husam Ibrahim
1	1	src/core/instance/proxy.js

--f1d29d7f--2019-07-29--vue-bot
5	0	BACKERS.md
5	0	README.md

--b7c2d936--2019-07-15--nothingismagick
1	1	packages/vue-server-renderer/package.json

--a99c6672--2019-07-08--vue-bot
7	0	BACKERS.md
7	0	README.md

--024e4f2c--2019-07-08--vue-bot
6	55	BACKERS.md
6	50	README.md

--c236f564--2019-07-08--vue-bot
32	46	BACKERS.md

--3b8925bc--2019-06-22--vue-bot
5	0	BACKERS.md
5	0	README.md

--b47a7b82--2019-06-22--vue-bot
33	40	BACKERS.md

--bad3c326--2019-06-14--vue-bot
8	3	BACKERS.md
8	3	README.md

--8f7133c8--2019-06-12--Evan You
2	2	BACKERS.md
2	2	README.md

--bbdaaf48--2019-06-12--vue-bot
5	0	BACKERS.md
5	0	README.md

--d09355c5--2019-06-12--vue-bot
5	0	BACKERS.md
5	0	README.md

--3819af5c--2019-06-11--vue-bot
7	7	BACKERS.md
7	7	README.md

--f64765fa--2019-06-04--Magic
1	1	src/core/instance/render.js

--ff911c9f--2019-05-24--vue-bot
5	0	BACKERS.md
5	0	README.md

--0224ae85--2019-05-24--Evan You
8	0	.github/FUNDING.yml

--06d4ad40--2019-05-16--vue-bot
12	17	BACKERS.md
12	17	README.md

--2a8e0f82--2019-05-15--GU Yiling
8	8	.github/CONTRIBUTING.md

--0caebfe9--2019-05-14--msidolphin
1	1	README.md

--1137e415--2019-05-09--Sai
1	1	src/compiler/parser/html-parser.js
1	1	src/core/instance/render-helpers/bind-dynamic-keys.js

--26bd8077--2019-05-02--vue-bot
5	0	BACKERS.md
5	0	README.md

--f0b9c923--2019-04-28--vue-bot
7	0	BACKERS.md
7	0	README.md

--569b728a--2019-04-25--GU Yiling
1	1	src/compiler/codegen/events.js
5	0	test/unit/modules/compiler/codegen.spec.js

--ab50e8e1--2019-04-25--katashin
1	2	types/index.d.ts
3	11	types/test/tsconfig.json
7	0	types/test/umd-test.ts
48	0	types/umd.d.ts

--085d1883--2019-04-25--X.L
15	0	src/compiler/error-detector.js
2	2	src/compiler/parser/index.js
16	0	test/unit/features/component/component-scoped-slot.spec.js

--861aea16--2019-04-25--Natalia Tepluhina
6	0	src/core/vdom/create-element.js
14	0	test/unit/features/directives/on.spec.js

--bd6cea09--2019-04-25--zrh122
2	1	test/e2e/nightwatch.config.js

--43b98fe2--2019-04-25--子迟
4	4	packages/weex-vue-framework/factory.js
4	4	src/core/vdom/patch.js

--ea113d26--2019-04-25--Evan You
16	8	types/test/options-test.ts

--a9a30300--2019-04-25--Evan You
1	2	src/core/util/env.js

--29e745f9--2019-04-22--Henri Yandell
1	1	src/compiler/parser/html-parser.js

--f478ab80--2019-04-10--vue-bot
6	1	BACKERS.md
6	1	README.md

--91b8cda0--2019-04-10--Billy Zou
1	1	.github/CONTRIBUTING.md

--15704ce6--2019-04-10--Evan You
2	2	BACKERS.md
2	2	README.md

--fb4d2c1c--2019-04-09--vue-bot
5	0	BACKERS.md
5	0	README.md

--546e7d14--2019-04-08--Billy Zou
2	2	.github/CONTRIBUTING.md

--af15d16d--2019-04-08--vue-bot
9	4	BACKERS.md
9	4	README.md

--6a847341--2019-04-05--vue-bot
1	1	BACKERS.md
1	1	README.md

--a8184917--2019-04-05--Eduardo San Martin Morote
2	2	.github/CONTRIBUTING.md

--94c0918f--2019-04-05--vue-bot
2	22	BACKERS.md
2	17	README.md

--8637009b--2019-04-05--vue-bot
47	48	BACKERS.md

--6be3bf4a--2019-04-01--vue-bot
5	0	BACKERS.md
5	0	README.md

--e90cc60c--2019-03-20--Evan You
1	1	package.json

--e7b912a1--2019-03-20--Evan You
36	18	dist/vue.common.dev.js
2	2	dist/vue.common.prod.js
36	18	dist/vue.esm.browser.js
2	2	dist/vue.esm.browser.min.js
36	18	dist/vue.esm.js
36	18	dist/vue.js
2	2	dist/vue.min.js
35	17	dist/vue.runtime.common.dev.js
2	2	dist/vue.runtime.common.prod.js
35	17	dist/vue.runtime.esm.js
35	17	dist/vue.runtime.js
2	2	dist/vue.runtime.min.js
36	11	packages/vue-server-renderer/basic.js
36	11	packages/vue-server-renderer/build.dev.js
1	1	packages/vue-server-renderer/build.prod.js
1	1	packages/vue-server-renderer/package.json
1	1	packages/vue-template-compiler/browser.js
1	1	packages/vue-template-compiler/build.js
1	1	packages/vue-template-compiler/package.json

--f11449d9--2019-03-20--Evan You
2	1	src/platforms/web/runtime/modules/dom-props.js

--02d21c26--2019-03-20--Alexander Schwartz
14	2	src/core/vdom/helpers/resolve-async-component.js
64	0	test/unit/features/component/component-async.spec.js

--bf5ceb75--2019-03-20--Brian McMillen
4	2	packages/vue-template-compiler/index.js

--df4af4bd--2019-03-19--Carlos Rodrigues
1	1	types/options.d.ts
15	0	types/test/options-test.ts

--22790b25--2019-03-19--Evan You
10	6	src/core/observer/scheduler.js

--ebc1893f--2019-03-18--Evan You
1	1	src/core/vdom/helpers/normalize-scoped-slots.js
32	0	test/unit/features/component/component-scoped-slot.spec.js

--3433ba5b--2019-03-18--GU Yiling
1	1	src/compiler/codegen/events.js
5	0	test/unit/modules/compiler/codegen.spec.js

--982d5a49--2019-03-18--Vitor Luiz Cavalcanti
1	1	flow/vnode.js
25	0	types/test/vue-test.ts
1	1	types/vnode.d.ts

--653c74e6--2019-03-15--GU Yiling
12	10	src/core/observer/scheduler.js

--43115e09--2019-03-14--Evan You
1	1	package.json

--5bffed03--2019-03-14--Evan You
34	20	dist/vue.common.dev.js
2	2	dist/vue.common.prod.js
34	20	dist/vue.esm.browser.js
2	2	dist/vue.esm.browser.min.js
34	20	dist/vue.esm.js
34	20	dist/vue.js
2	2	dist/vue.min.js
33	19	dist/vue.runtime.common.dev.js
2	2	dist/vue.runtime.common.prod.js
33	19	dist/vue.runtime.esm.js
33	19	dist/vue.runtime.js
2	2	dist/vue.runtime.min.js
24	20	packages/vue-server-renderer/basic.js
26	22	packages/vue-server-renderer/build.dev.js
1	1	packages/vue-server-renderer/build.prod.js
1	1	packages/vue-server-renderer/package.json
1	1	packages/vue-template-compiler/browser.js
1	1	packages/vue-template-compiler/build.js
1	1	packages/vue-template-compiler/package.json

--f1bdd7ff--2019-03-14--GU Yiling
1	1	src/compiler/parser/index.js
44	5	test/unit/modules/compiler/parser.spec.js

--4de4649d--2019-03-14--DSha
1	1	examples/modal/index.html
1	1	src/platforms/web/runtime/modules/transition.js
115	3	test/unit/features/transition/transition.spec.js

--d44cc20e--2019-03-14--Pengfei Yang
0	1	scripts/alias.js

--71869401--2019-03-14--Evan You
4	3	src/core/util/error.js
24	0	test/unit/modules/util/error.spec.js
0	21	test/unit/modules/util/invoke-with-error-handling.spec.js

--8082d2f9--2019-03-13--krystal
2	2	src/core/vdom/helpers/resolve-async-component.js
35	0	test/ssr/ssr-string.spec.js

--7591b9dc--2019-03-13--Evan You
4	2	src/platforms/web/runtime/modules/events.js

--d2824000--2019-03-13--Xin Du (Clark)
2	2	src/server/template-renderer/create-async-file-mapper.js

--2747a657--2019-03-13--Decade
0	12	test/unit/modules/observer/observer.spec.js

--aa043347--2019-03-12--vue-bot
5	0	BACKERS.md
5	0	README.md

--eafea313--2019-03-11--vue-bot
5	0	BACKERS.md
5	0	README.md

--19c0f80d--2019-03-10--vue-bot
53	59	BACKERS.md

--ef2a380c--2019-03-11--Felix Bünemann
1	1	src/core/observer/scheduler.js

--781c7051--2019-03-09--Evan You
4	2	src/core/vdom/helpers/normalize-scoped-slots.js
13	0	test/unit/features/component/component-scoped-slot.spec.js

--9313cf91--2019-03-09--Evan You
4	1	src/core/vdom/helpers/normalize-scoped-slots.js
37	0	test/unit/features/component/component-scoped-slot.spec.js

--da77d6a9--2019-03-08--Felix Bünemann
9	4	src/core/observer/scheduler.js

--0b57380f--2019-03-09--GU Yiling
5	3	src/core/instance/render-helpers/bind-object-props.js
2	3	test/unit/features/directives/bind.spec.js

--731e4d0e--2019-03-06--DSha
2	2	types/options.d.ts
7	0	types/test/vue-test.ts
1	1	types/vue.d.ts

--0c4c78bf--2019-03-05--vue-bot
4	24	BACKERS.md
4	19	README.md

--6ad99796--2019-03-04--Jagannath Bhat
1	1	.github/CODE_OF_CONDUCT.md
5	5	.github/COMMIT_CONVENTION.md
5	5	.github/CONTRIBUTING.md
1	1	benchmarks/ssr/README.md
1	1	benchmarks/uptime/index.html
1	1	dist/README.md
2	2	packages/vue-template-compiler/README.md

--d123c7e4--2019-03-01--Evan You
1	1	package.json

--869a8197--2019-03-01--Evan You
21	16	dist/vue.common.dev.js
2	2	dist/vue.common.prod.js
21	16	dist/vue.esm.browser.js
2	2	dist/vue.esm.browser.min.js
21	16	dist/vue.esm.js
21	16	dist/vue.js
2	2	dist/vue.min.js
15	11	dist/vue.runtime.common.dev.js
2	2	dist/vue.runtime.common.prod.js
15	11	dist/vue.runtime.esm.js
15	11	dist/vue.runtime.js
2	2	dist/vue.runtime.min.js
19	14	packages/vue-server-renderer/basic.js
19	14	packages/vue-server-renderer/build.dev.js
1	1	packages/vue-server-renderer/build.prod.js
1	1	packages/vue-server-renderer/package.json
7	6	packages/vue-template-compiler/browser.js
7	6	packages/vue-template-compiler/build.js
1	1	packages/vue-template-compiler/package.json

--372d71cb--2019-03-01--ULIVZ
1	1	packages/vue-template-compiler/README.md

--cbad54aa--2019-03-01--Jason
1	1	src/compiler/parser/html-parser.js
2	1	src/compiler/parser/index.js
5	0	test/unit/modules/compiler/compiler-options.spec.js

--1574ade6--2019-03-01--Luxiaosong
7	0	test/unit/features/instance/methods-events.spec.js

--38825ff6--2019-02-28--Evan You
18	0	test/ssr/ssr-string.spec.js

--571a4880--2019-02-28--Evan You
1	1	src/server/write.js

--03c13de3--2019-02-28--Evan You
2	2	src/core/vdom/helpers/resolve-async-component.js
6	0	test/unit/modules/vdom/create-component.spec.js

--ed341137--2019-02-28--Markus Oberlehner
11	6	src/core/vdom/helpers/resolve-async-component.js

--241eea19--2019-03-01--Kael
4	0	types/test/options-test.ts
5	1	types/vnode.d.ts
2	2	types/vue.d.ts

--f3330161--2019-03-01--Gcaufy
3	0	types/test/vue-test.ts
1	1	types/vue.d.ts

--2277b232--2019-02-28--Evan You
1	1	src/compiler/codegen/index.js

--7912f75c--2019-03-01--Haoqun Jiang
2	2	src/compiler/parser/html-parser.js
2	2	src/core/util/lang.js
2	2	src/core/util/options.js

--060c3b98--2019-02-28--DSha
1	1	src/compiler/parser/index.js
78	0	test/unit/features/options/directives.spec.js

--2ec5b640--2019-02-27--vue-bot
1	1	BACKERS.md
1	1	README.md

--59d8579f--2019-02-21--Evan You
1	1	package.json

--875d6ac4--2019-02-21--Evan You
101	49	dist/vue.common.dev.js
2	2	dist/vue.common.prod.js
99	45	dist/vue.esm.browser.js
2	2	dist/vue.esm.browser.min.js
101	49	dist/vue.esm.js
101	49	dist/vue.js
2	2	dist/vue.min.js
61	38	dist/vue.runtime.common.dev.js
2	2	dist/vue.runtime.common.prod.js
61	38	dist/vue.runtime.esm.js
61	38	dist/vue.runtime.js
2	2	dist/vue.runtime.min.js
86	36	packages/vue-server-renderer/basic.js
86	36	packages/vue-server-renderer/build.dev.js
1	1	packages/vue-server-renderer/build.prod.js
1	1	packages/vue-server-renderer/package.json
40	11	packages/vue-template-compiler/browser.js
40	11	packages/vue-template-compiler/build.js
1	1	packages/vue-template-compiler/package.json

--7a8de91c--2019-02-21--Evan You
7	5	src/compiler/codeframe.js

--173042bb--2019-02-21--Evan You
4	6	test/unit/modules/util/invoke-with-error-handling.spec.js

--2f3020e9--2019-02-22--DSha
3	1	src/core/util/error.js
23	0	test/unit/modules/util/invoke-with-error-handling.spec.js

--8a80a23e--2019-02-21--Evan You
6	2	src/platforms/web/runtime/modules/dom-props.js
22	0	test/unit/modules/vdom/patch/edge-cases.spec.js

--cd3d202e--2019-02-21--Evan You
7	9	src/platforms/web/runtime/modules/dom-props.js

--7ec46279--2019-02-21--Evan You
2	2	src/compiler/codegen/index.js
6	5	src/core/instance/render-helpers/resolve-scoped-slots.js
4	4	test/unit/modules/compiler/codegen.spec.js

--d9b27a92--2019-02-20--Evan You
28	5	src/compiler/codegen/index.js
5	2	src/core/instance/lifecycle.js
6	2	src/core/instance/render-helpers/resolve-scoped-slots.js
6	2	src/core/vdom/helpers/normalize-scoped-slots.js
30	0	test/unit/features/component/component-scoped-slot.spec.js

--b3bd3116--2019-02-20--vue-bot
5	0	BACKERS.md
5	0	README.md

--9d4c972c--2019-02-20--vue-bot
7	2	BACKERS.md
7	2	README.md

--8f004ea4--2019-02-18--Evan You
9	3	src/compiler/codegen/index.js
26	0	test/unit/features/component/component-scoped-slot.spec.js

--bb0aab66--2019-02-18--Evan You
1	1	package.json
170	173	yarn.lock

--1d331661--2019-02-18--Evan You
1	1	package.json
173	170	yarn.lock

--ee29e41e--2019-02-19--katashin
20	12	src/core/util/error.js
38	0	test/unit/features/options/errorCaptured.spec.js

--a702d194--2019-02-11--Evan You
1	1	package.json

--ac7a5bda--2019-02-11--Evan You
25	4	dist/vue.common.dev.js
2	2	dist/vue.common.prod.js
25	4	dist/vue.esm.browser.js
2	2	dist/vue.esm.browser.min.js
25	4	dist/vue.esm.js
25	4	dist/vue.js
2	2	dist/vue.min.js
2	2	dist/vue.runtime.common.dev.js
2	2	dist/vue.runtime.common.prod.js
2	2	dist/vue.runtime.esm.js
2	2	dist/vue.runtime.js
2	2	dist/vue.runtime.min.js
23	2	packages/vue-server-renderer/basic.js
23	2	packages/vue-server-renderer/build.dev.js
1	1	packages/vue-server-renderer/build.prod.js
1	1	packages/vue-server-renderer/package.json
23	2	packages/vue-template-compiler/browser.js
23	2	packages/vue-template-compiler/build.js
1	1	packages/vue-template-compiler/package.json

--29c348f3--2019-02-11--Evan You
7	1	src/compiler/codegen/events.js
10	10	test/unit/modules/compiler/codegen.spec.js

--21fca2ff--2019-02-11--Evan You
16	1	src/compiler/codegen/index.js
28	1	test/unit/features/component/component-scoped-slot.spec.js

--11deaa93--2019-02-11--Evan You
1	1	package.json

--1489b99f--2019-02-11--Evan You
21	7	dist/vue.common.dev.js
2	2	dist/vue.common.prod.js
21	7	dist/vue.esm.browser.js
2	2	dist/vue.esm.browser.min.js
21	7	dist/vue.esm.js
21	7	dist/vue.js
2	2	dist/vue.min.js
21	7	dist/vue.runtime.common.dev.js
2	2	dist/vue.runtime.common.prod.js
21	7	dist/vue.runtime.esm.js
21	7	dist/vue.runtime.js
2	2	dist/vue.runtime.min.js
10	4	packages/vue-server-renderer/basic.js
10	4	packages/vue-server-renderer/build.dev.js
1	1	packages/vue-server-renderer/build.prod.js
1	1	packages/vue-server-renderer/package.json
1	1	packages/vue-template-compiler/package.json

--e7d49cdc--2019-02-10--Evan You
2	2	src/core/vdom/helpers/normalize-scoped-slots.js
16	0	test/unit/features/component/component-scoped-slot.spec.js

--060686d6--2019-02-10--Evan You
8	2	src/core/vdom/helpers/normalize-scoped-slots.js
25	0	test/unit/features/component/component-scoped-slot.spec.js

--0bad7e2a--2019-02-09--Evan You
9	1	src/platforms/web/runtime/modules/events.js

--c1989500--2019-02-08--Evan You
1	1	package.json

--dfb9fb17--2019-02-08--Evan You
59	15	dist/vue.common.dev.js
2	2	dist/vue.common.prod.js
57	15	dist/vue.esm.browser.js
2	2	dist/vue.esm.browser.min.js
59	15	dist/vue.esm.js
59	15	dist/vue.js
2	2	dist/vue.min.js
56	14	dist/vue.runtime.common.dev.js
2	2	dist/vue.runtime.common.prod.js
56	14	dist/vue.runtime.esm.js
56	14	dist/vue.runtime.js
2	2	dist/vue.runtime.min.js
50	11	packages/vue-server-renderer/basic.js
50	11	packages/vue-server-renderer/build.dev.js
1	1	packages/vue-server-renderer/build.prod.js
1	1	packages/vue-server-renderer/package.json
3	1	packages/vue-template-compiler/browser.js
3	1	packages/vue-template-compiler/build.js
1	1	packages/vue-template-compiler/package.json

--b2a093fa--2019-02-08--Evan You
1	1	src/core/vdom/helpers/normalize-scoped-slots.js

--9011b83d--2019-02-08--Evan You
3	1	src/core/vdom/helpers/normalize-scoped-slots.js

--8a800867--2019-02-08--Evan You
9	1	src/core/vdom/create-functional-component.js
15	0	test/unit/features/component/component-scoped-slot.spec.js

--099f3ba6--2019-02-08--Evan You
2	1	src/core/instance/render.js
11	3	src/core/vdom/helpers/normalize-scoped-slots.js

--7a0dfd0b--2019-02-08--Evan You
1	1	src/core/vdom/create-functional-component.js

--0e8560d0--2019-02-08--Evan You
3	1	src/compiler/codegen/index.js
4	0	src/core/instance/render-helpers/resolve-scoped-slots.js
15	4	src/core/vdom/helpers/normalize-scoped-slots.js
29	0	test/unit/features/component/component-scoped-slot.spec.js

--ca57920e--2019-02-07--Evan You
5	1	src/core/util/error.js

--57bc80a5--2019-02-07--Evan You
5	2	src/core/vdom/helpers/normalize-scoped-slots.js
25	0	test/unit/features/component/component-scoped-slot.spec.js

--4015debe--2019-02-06--JakeConnors376W
18	18	.github/CONTRIBUTING.md

--f9c83087--2019-02-06--Evan You
1	1	package.json

--6441eac4--2019-02-06--Evan You
2107	2059	dist/vue.common.dev.js
2	2	dist/vue.common.prod.js
2115	2065	dist/vue.esm.browser.js
2	2	dist/vue.esm.browser.min.js
2116	2068	dist/vue.esm.js
2107	2059	dist/vue.js
2	2	dist/vue.min.js
2061	2048	dist/vue.runtime.common.dev.js
2	2	dist/vue.runtime.common.prod.js
2079	2066	dist/vue.runtime.esm.js
2061	2048	dist/vue.runtime.js
2	2	dist/vue.runtime.min.js
774	742	packages/vue-server-renderer/basic.js
774	742	packages/vue-server-renderer/build.dev.js
1	1	packages/vue-server-renderer/build.prod.js
1	1	packages/vue-server-renderer/package.json
44	8	packages/vue-template-compiler/browser.js
44	8	packages/vue-template-compiler/build.js
1	1	packages/vue-template-compiler/package.json

--dae7e418--2019-02-06--Evan You
6	1	src/platforms/web/runtime/modules/events.js

--d5ade286--2019-02-06--Evan You
3	11	src/core/vdom/helpers/normalize-scoped-slots.js
1	19	test/unit/features/component/component-scoped-slot.spec.js

--7bc88f30--2019-02-06--Evan You
1	0	src/core/util/env.js
7	2	src/platforms/web/runtime/modules/events.js

--96a09aad--2019-02-06--Evan You
8	1	src/compiler/codegen/index.js
25	0	test/unit/features/component/component-scoped-slot.spec.js

--4d4d22a3--2019-02-06--Evan You
26	4	src/compiler/codegen/index.js
10	3	src/compiler/parser/index.js
35	0	test/unit/features/component/component-scoped-slot.spec.js

--b6247fc9--2019-02-06--Evan You
1	1	src/core/instance/render-helpers/index.js
18	0	src/core/instance/render-helpers/resolve-scoped-slots.js
0	17	src/core/instance/render-helpers/resolve-slots.js

--24b4640c--2019-02-06--Evan You
1	0	src/core/instance/lifecycle.js
3	2	src/core/vdom/helpers/normalize-scoped-slots.js
23	0	test/unit/features/component/component-scoped-slot.spec.js
0	23	test/unit/modules/vdom/patch/edge-cases.spec.js

--54e6a121--2019-02-06--Sebastian Krüger
1	0	types/vue.d.ts

--b9de23b1--2019-02-05--Evan You
13	0	src/core/instance/render.js
1	1	src/core/vdom/create-component.js
10	9	src/core/vdom/helpers/resolve-async-component.js
34	0	test/unit/features/component/component-scoped-slot.spec.js
8	3	test/unit/modules/vdom/create-component.spec.js

--2ef67f86--2019-02-06--katashin
1	1	src/core/observer/scheduler.js

--fdc5f036--2019-02-05--vue-bot
0	5	BACKERS.md
0	5	README.md

--d06e3aff--2019-02-05--vue-bot
80	63	BACKERS.md

--ee9b684d--2019-02-04--Evan You
1	1	package.json

--22795094--2019-02-04--Evan You
21	10	dist/vue.common.dev.js
2	2	dist/vue.common.prod.js
19	10	dist/vue.esm.browser.js
2	2	dist/vue.esm.browser.min.js
21	10	dist/vue.esm.js
21	10	dist/vue.js
2	2	dist/vue.min.js
16	8	dist/vue.runtime.common.dev.js
2	2	dist/vue.runtime.common.prod.js
16	8	dist/vue.runtime.esm.js
16	8	dist/vue.runtime.js
2	2	dist/vue.runtime.min.js
19	8	packages/vue-server-renderer/basic.js
19	8	packages/vue-server-renderer/build.dev.js
1	1	packages/vue-server-renderer/build.prod.js
1	1	packages/vue-server-renderer/package.json
5	2	packages/vue-template-compiler/browser.js
5	2	packages/vue-template-compiler/build.js
1	1	packages/vue-template-compiler/package.json

--44a4ca33--2019-02-04--Evan You
5	2	src/compiler/codegen/index.js
19	0	test/unit/features/component/component-scoped-slot.spec.js
9	2	test/unit/modules/compiler/codegen.spec.js

--0129b0eb--2019-02-04--Evan You
11	3	src/core/vdom/helpers/normalize-scoped-slots.js
19	1	test/unit/features/component/component-scoped-slot.spec.js

--b034abf4--2019-02-04--Evan You
1	2	src/core/vdom/create-component.js

--1a6f7a57--2019-02-04--Evan You
1	1	package.json

--6fb3a221--2019-02-04--Evan You
26	20	dist/vue.common.dev.js
2	2	dist/vue.common.prod.js
26	20	dist/vue.esm.browser.js
2	2	dist/vue.esm.browser.min.js
26	20	dist/vue.esm.js
26	20	dist/vue.js
2	2	dist/vue.min.js
8	7	dist/vue.runtime.common.dev.js
2	2	dist/vue.runtime.common.prod.js
8	7	dist/vue.runtime.esm.js
8	7	dist/vue.runtime.js
2	2	dist/vue.runtime.min.js
22	16	packages/vue-server-renderer/basic.js
22	16	packages/vue-server-renderer/build.dev.js
1	1	packages/vue-server-renderer/build.prod.js
1	1	packages/vue-server-renderer/package.json
18	13	packages/vue-template-compiler/browser.js
18	13	packages/vue-template-compiler/build.js
1	1	packages/vue-template-compiler/package.json

--66fd3c8d--2019-02-05--Bogdan Luca
2	1	src/core/vdom/create-component.js
26	0	test/unit/features/directives/model-component.spec.js

--0fb03b78--2019-02-05--nciont
2	2	src/platforms/web/runtime/modules/attrs.js
17	1	test/unit/features/directives/model-text.spec.js

--55bfb94a--2019-02-04--Filipe Amaral
1	1	src/compiler/codegen/index.js
14	7	test/unit/modules/compiler/codegen.spec.js

--c27fe24d--2019-02-04--bughit
4	3	src/compiler/parser/html-parser.js

--1922e7d4--2019-02-04--Barthélémy Ledoux
13	9	src/compiler/parser/index.js
11	1	test/unit/modules/compiler/parser.spec.js

--b6b42ca8--2019-02-04--Evan You
1	1	src/core/util/error.js

--85548310--2019-02-04--Evan You
1	1	package.json

--076dc8d8--2019-02-04--Evan You
68	47	dist/vue.common.dev.js
2	2	dist/vue.common.prod.js
68	47	dist/vue.esm.browser.js
2	2	dist/vue.esm.browser.min.js
68	47	dist/vue.esm.js
68	47	dist/vue.js
2	2	dist/vue.min.js
17	6	dist/vue.runtime.common.dev.js
2	2	dist/vue.runtime.common.prod.js
17	6	dist/vue.runtime.esm.js
17	6	dist/vue.runtime.js
2	2	dist/vue.runtime.min.js
65	44	packages/vue-server-renderer/basic.js
65	44	packages/vue-server-renderer/build.dev.js
1	1	packages/vue-server-renderer/build.prod.js
1	1	packages/vue-server-renderer/package.json
53	41	packages/vue-template-compiler/browser.js
53	41	packages/vue-template-compiler/build.js
1	1	packages/vue-template-compiler/package.json

--9b33f206--2019-02-02--vue-bot
5	0	BACKERS.md
5	0	README.md

--64f863bb--2019-02-02--Evan You
2	1	scripts/feature-flags.js
4	2	src/compiler/parser/index.js
29	25	test/unit/features/directives/bind.spec.js
14	12	test/unit/modules/compiler/parser.spec.js

--44a17ba2--2019-01-31--Evan You
1	1	src/core/vdom/helpers/normalize-scoped-slots.js
23	0	test/unit/modules/vdom/patch/edge-cases.spec.js

--539e481f--2019-01-31--Filipe Amaral
2	2	src/platforms/web/runtime/modules/style.js
7	0	test/unit/features/directives/style.spec.js

--e1db2c5b--2019-01-31--vue-bot
6	1	BACKERS.md
6	1	README.md

--e632e9a0--2019-01-31--Evan You
3	2	src/platforms/web/runtime/modules/attrs.js
3	2	src/platforms/web/server/modules/attrs.js
11	0	src/platforms/web/util/attrs.js
8	8	test/unit/features/directives/bind.spec.js

--6afd96f2--2019-01-30--Evan You
3	3	src/compiler/parser/index.js

--3edb9992--2019-01-30--Evan You
7	0	src/compiler/parser/index.js
14	0	test/unit/features/component/component-scoped-slot.spec.js

--2807fd24--2019-01-30--Evan You
4	30	src/compiler/codegen/index.js
31	11	src/compiler/parser/index.js
18	0	test/unit/features/component/component-scoped-slot.spec.js

--5851961c--2019-01-30--Evan You
17	4	src/compiler/codegen/index.js
1	1	src/core/instance/render-helpers/resolve-slots.js
2	2	test/unit/modules/compiler/codegen.spec.js

--7721febc--2019-01-30--Evan You
1	1	package.json

--9f3cbafa--2019-01-30--Evan You
26	9	dist/vue.common.dev.js
2	2	dist/vue.common.prod.js
26	9	dist/vue.esm.browser.js
2	2	dist/vue.esm.browser.min.js
27	10	dist/vue.esm.js
26	9	dist/vue.js
2	2	dist/vue.min.js
2	2	dist/vue.runtime.common.dev.js
2	2	dist/vue.runtime.common.prod.js
2	2	dist/vue.runtime.esm.js
2	2	dist/vue.runtime.js
2	2	dist/vue.runtime.min.js
24	7	packages/vue-server-renderer/basic.js
24	7	packages/vue-server-renderer/build.dev.js
1	1	packages/vue-server-renderer/build.prod.js
1	1	packages/vue-server-renderer/package.json
24	7	packages/vue-template-compiler/browser.js
25	8	packages/vue-template-compiler/build.js
1	1	packages/vue-template-compiler/package.json

--2afa1d05--2019-01-30--Evan You
14	14	scripts/config.js

--c9e3a5d1--2019-01-28--Evan You
2	1	src/compiler/parser/html-parser.js
22	6	src/compiler/parser/index.js
17	0	test/unit/modules/compiler/parser.spec.js

--624c7993--2019-01-25--Evan You
1	1	package.json

--90f47d1b--2019-01-25--Evan You
11667	0	dist/vue.common.dev.js
6	0	dist/vue.common.prod.js
11724	0	dist/vue.esm.browser.js
6	0	dist/vue.esm.browser.min.js
300	140	dist/vue.esm.js
319	84	dist/vue.js
2	2	dist/vue.min.js
8269	0	dist/vue.runtime.common.dev.js
6	0	dist/vue.runtime.common.prod.js
91	28	dist/vue.runtime.esm.js
91	28	dist/vue.runtime.js
2	2	dist/vue.runtime.min.js
294	69	packages/vue-server-renderer/basic.js
325	77	packages/vue-server-renderer/build.dev.js
1	1	packages/vue-server-renderer/build.prod.js
1	1	packages/vue-server-renderer/package.json
229	57	packages/vue-template-compiler/browser.js
210	113	packages/vue-template-compiler/build.js
1	1	packages/vue-template-compiler/package.json

--dbc05825--2019-01-25--Evan You
11	1	flow/compiler.js
1	0	flow/vnode.js
18	9	src/compiler/codegen/events.js
23	9	src/compiler/codegen/index.js
37	13	src/compiler/helpers.js
49	24	src/compiler/parser/index.js
35	0	src/core/instance/render-helpers/bind-dynamic-keys.js
3	0	src/core/instance/render-helpers/index.js
1	0	src/core/vdom/modules/directives.js
124	0	test/unit/features/directives/bind.spec.js
117	0	test/unit/features/directives/on.spec.js
22	0	test/unit/features/options/directives.spec.js
10	10	test/unit/modules/compiler/codegen.spec.js
7	2	test/unit/modules/compiler/parser.spec.js
1	0	types/vnode.d.ts

--8b8921b2--2019-01-25--Evan You
1	0	flow/compiler.js
1	0	flow/vnode.js
1	1	src/compiler/codegen/index.js
9	1	src/compiler/helpers.js
7	2	src/compiler/parser/index.js
1	0	src/core/vdom/modules/directives.js
22	0	test/unit/features/options/directives.spec.js
1	0	types/vnode.d.ts

--f219beda--2019-01-25--Evan You
1	0	flow/compiler.js
2	1	src/compiler/codegen/index.js
11	7	src/compiler/parser/index.js
15	5	src/core/instance/lifecycle.js
4	3	src/core/instance/render-helpers/resolve-slots.js
2	1	src/core/vdom/helpers/normalize-scoped-slots.js
191	150	test/unit/features/component/component-scoped-slot.spec.js
7	0	test/unit/modules/compiler/codegen.spec.js

--2910d401--2019-01-25--Evan You
1	1	src/compiler/codegen/events.js
124	0	test/unit/features/directives/bind.spec.js
117	0	test/unit/features/directives/on.spec.js
10	10	test/unit/modules/compiler/codegen.spec.js

--49c6f29f--2019-01-25--Evan You
1	0	flow/compiler.js
6	0	src/compiler/codegen/index.js
4	1	src/compiler/helpers.js

--5b5f6663--2019-01-25--Evan You
1	2	src/compiler/codegen/events.js
1	1	src/compiler/helpers.js
1	1	src/core/instance/render-helpers/index.js
7	2	test/unit/modules/compiler/parser.spec.js

--2ba897eb--2019-01-25--Evan You
1	1	src/compiler/helpers.js

--5cb59b1f--2019-01-25--Evan You
11	1	src/compiler/parser/index.js

--d91a38ab--2019-01-25--Evan You
1	0	flow/compiler.js
2	1	src/compiler/codegen/index.js
11	7	src/compiler/parser/index.js
15	5	src/core/instance/lifecycle.js
4	3	src/core/instance/render-helpers/resolve-slots.js
2	1	src/core/vdom/helpers/normalize-scoped-slots.js
191	150	test/unit/features/component/component-scoped-slot.spec.js
7	0	test/unit/modules/compiler/codegen.spec.js

--c6f480ca--2019-01-24--Evan You
9	1	flow/compiler.js
18	8	src/compiler/codegen/events.js
16	8	src/compiler/codegen/index.js
25	12	src/compiler/helpers.js
32	22	src/compiler/parser/index.js
35	0	src/core/instance/render-helpers/bind-dynamic-keys.js
3	0	src/core/instance/render-helpers/index.js

--770c6ed6--2019-01-24--Evan You
5	8	src/platforms/web/runtime/modules/dom-props.js

--18685614--2019-01-24--Evan You
1	1	src/platforms/web/runtime/modules/dom-props.js
46	30	test/unit/features/directives/model-checkbox.spec.js

--8cb2069a--2019-01-24--Evan You
1	1	test/unit/features/component/component-scoped-slot.spec.js
3	3	test/unit/features/instance/properties.spec.js

--32072e8a--2019-01-24--Evan You
12	15	src/core/observer/scheduler.js

--60a277ca--2019-01-23--Evan You
2	2	src/platforms/web/runtime/modules/events.js

--ba0ebd47--2019-01-23--Evan You
27	1	src/core/observer/scheduler.js
4	0	src/core/util/next-tick.js
11	10	src/platforms/web/runtime/modules/events.js

--ba9907c7--2019-01-23--Evan You
3	3	BACKERS.md
3	3	README.md

--8d845724--2019-01-23--Evan You
7	0	src/compiler/parser/index.js
24	5	test/unit/features/component/component-scoped-slot.spec.js

--67e85dea--2019-01-22--Evan You
1	1	scripts/feature-flags.js
21	12	src/compiler/parser/index.js
7	7	test/unit/features/component/component-scoped-slot.spec.js

--ec840320--2019-01-20--yong
1	1	dist/README.md

--6ca18bd0--2019-01-19--vue-bot
6	1	BACKERS.md
6	1	README.md

--b0f2f830--2019-01-18--Evan You
1	1	flow/options.js

--42fdf3f8--2019-01-18--Evan You
4	4	src/server/render.js
1	1	src/shared/constants.js
13	13	test/ssr/ssr-string.spec.js
2	2	types/options.d.ts
1	1	types/test/options-test.ts

--df064ced--2019-01-18--Evan You
62	0	test/ssr/ssr-template.spec.js

--b65f6d78--2019-01-19--DominusVilicus
19	5	src/server/create-renderer.js
15	6	src/server/template-renderer/index.js

--4fca0454--2019-01-16--Evan You
60	58	src/compiler/parser/index.js
31	19	test/unit/features/component/component-scoped-slot.spec.js

--a47a0ee2--2019-01-16--Evan You
4	2	scripts/release.sh

--732bf878--2019-01-16--Evan You
1	1	package.json

--e75c6230--2019-01-16--Evan You
792	333	dist/vue.esm.js
720	337	dist/vue.js
2	2	dist/vue.min.js
249	122	dist/vue.runtime.esm.js
252	126	dist/vue.runtime.js
2	2	dist/vue.runtime.min.js
729	277	packages/vue-server-renderer/basic.js
753	277	packages/vue-server-renderer/build.dev.js
1	1	packages/vue-server-renderer/build.prod.js
1	1	packages/vue-server-renderer/package.json
556	252	packages/vue-template-compiler/browser.js
630	250	packages/vue-template-compiler/build.js
1	1	packages/vue-template-compiler/package.json

--730a10f7--2019-01-15--Evan You
1	0	packages/vue-server-renderer/types/index.d.ts
1	0	packages/vue-template-compiler/types/index.d.ts
6	2	packages/vue-template-compiler/types/test.ts

--7fb6fdd1--2019-01-15--Evan You
7	2	scripts/config.js
3	0	scripts/feature-flags.js
16	14	src/compiler/parser/index.js
1	1	src/core/vdom/helpers/normalize-scoped-slots.js
126	124	test/unit/features/component/component-scoped-slot.spec.js
3	1	test/unit/karma.base.config.js

--0cf6aadd--2019-01-15--Evan You
6	2	src/core/vdom/helpers/normalize-scoped-slots.js
5	1	types/test/options-test.ts
2	4	types/vnode.d.ts

--9ae80acd--2019-01-15--Evan You
1	1	src/core/util/perf.js

--c5c354d5--2019-01-14--Evan You
14	0	src/compiler/helpers.js
44	12	src/compiler/parser/index.js
60	0	test/unit/features/component/component-scoped-slot.spec.js

--aef5b4e4--2019-01-12--Evan You
2	1	src/platforms/web/server/modules/style.js
3	2	test/ssr/ssr-string.spec.js

--584e89da--2019-01-12--Evan You
78	40	src/compiler/parser/index.js
101	0	test/unit/features/component/component-scoped-slot.spec.js

--4f61d5b7--2019-01-12--Evan You
1	1	src/compiler/codegen/index.js

--bc97ff95--2019-01-12--Evan You
3	11078	dist/vue.common.js
3	8103	dist/vue.runtime.common.js

--794ad0da--2019-01-11--Evan You
3	4	src/compiler/parser/index.js
1	1	test/unit/features/component/component-scoped-slot.spec.js

--6a2994e8--2019-01-11--Evan You
1	8	flow/compiler.js
1	1	src/compiler/codegen/index.js
1	2	src/compiler/optimizer.js
7	76	src/compiler/parser/index.js
0	88	test/unit/features/component/component-scoped-slot.spec.js

--6fe07ebf--2019-01-11--Evan You
--99343f9b--2019-01-11--Evan You
1	1	package.json

--06dbb2ab--2019-01-11--Evan You
36	43	dist/vue.common.js
36	43	dist/vue.esm.js
36	43	dist/vue.js
3	3	dist/vue.min.js
36	43	dist/vue.runtime.common.js
36	43	dist/vue.runtime.esm.js
36	43	dist/vue.runtime.js
3	3	dist/vue.runtime.min.js
28	29	packages/vue-server-renderer/basic.js
29	30	packages/vue-server-renderer/build.js
1	1	packages/vue-server-renderer/package.json
24	7	packages/vue-template-compiler/browser.js
24	7	packages/vue-template-compiler/build.js
1	1	packages/vue-template-compiler/package.json

--7ac8f63a--2019-01-11--Evan You
0	11049	dist/vue.common.dev.js
0	6	dist/vue.common.prod.js
0	10733	dist/vue.esm.browser.js
0	6	dist/vue.esm.browser.min.js
0	8084	dist/vue.runtime.common.dev.js
0	6	dist/vue.runtime.common.prod.js

--0d2e9c46--2019-01-11--Evan You
1	21	src/core/instance/init.js
15	2	src/core/util/options.js
27	0	test/unit/features/global-api/mixin.spec.js
21	17	test/unit/features/options/mixins.spec.js

--edf7df0c--2019-01-11--Evan You
1	21	src/core/instance/init.js
15	2	src/core/util/options.js
27	0	test/unit/features/global-api/mixin.spec.js
21	17	test/unit/features/options/mixins.spec.js

--743edacd--2019-01-11--hikerpig
2	2	src/core/util/options.js
28	0	test/unit/features/options/mixins.spec.js

--d21e9313--2019-01-11--Adrien Baron
2	0	src/core/vdom/helpers/resolve-async-component.js
26	0	test/unit/modules/vdom/create-component.spec.js

--17d8bcb6--2019-01-11--Evan You
4	11	src/platforms/web/server/modules/style.js
4	4	test/ssr/ssr-string.spec.js

--7d9cfebe--2019-01-11--Evan You
22	3	src/platforms/web/server/modules/style.js
45	0	src/platforms/web/server/util.js
0	1	src/platforms/web/util/style.js
41	0	test/ssr/ssr-string.spec.js

--fe2b27ff--2019-01-10--Evan You
2	0	flow/global-api.js
1	1	src/core/global-api/index.js
3	0	types/test/vue-test.ts
2	0	types/vue.d.ts

--142cf6c4--2019-01-10--Evan You
32	5	packages/vue-template-compiler/types/index.d.ts
25	0	packages/vue-template-compiler/types/test.ts

--a4ed58c0--2019-01-10--Evan You
12	0	packages/vue-template-compiler/README.md
1	0	src/platforms/web/entry-compiler.js
1	0	src/platforms/weex/entry-compiler.js

--53716177--2019-01-11--hikerpig
2	2	src/core/util/options.js
28	0	test/unit/features/options/mixins.spec.js

--c50bbde4--2019-01-10--Evan You
7	0	src/core/global-api/index.js
30	0	test/unit/features/global-api/observable.spec.js

--ce7ca7bd--2019-01-10--Evan You
1	1	src/platforms/web/runtime/modules/events.js

--3a1a9359--2019-01-10--Evan You
3	1	src/core/vdom/helpers/normalize-scoped-slots.js

--3504d7f6--2019-01-10--Evan You
0	10	src/core/config.js
25	114	src/platforms/web/runtime/modules/events.js
0	5	test/e2e/specs/async-edge-cases.html
0	1	types/test/vue-test.ts
0	1	types/vue.d.ts

--90fe7490--2019-01-10--Evan You
1	0	.circleci/config.yml

--b32c4b69--2019-01-10--Evan You
5	1	src/core/vdom/helpers/normalize-scoped-slots.js

--d8550277--2019-01-10--Evan You
1	1	src/compiler/parser/index.js
25	2	test/unit/features/component/component-scoped-slot.spec.js

--1e5174d2--2019-01-10--Evan You
1	1	src/core/util/lang.js
6	0	test/unit/features/component/component-scoped-slot.spec.js
32	0	test/unit/features/options/watch.spec.js

--8b382b3e--2019-01-09--Evan You
1	1	src/core/util/lang.js

--5fb23d4e--2019-01-09--Evan You
3	1	src/core/vdom/helpers/normalize-scoped-slots.js

--4c2c6f03--2019-01-09--Evan You
1	1	package.json

--8eea6b07--2019-01-09--Evan You
1	2	src/core/instance/render-helpers/resolve-slots.js
3	10	src/core/vdom/helpers/normalize-scoped-slots.js

--3be1c5d6--2019-01-09--Evan You
10	0	src/core/config.js
8	2	src/platforms/web/runtime/modules/events.js
4	0	test/e2e/specs/async-edge-cases.html
1	0	types/test/vue-test.ts
1	0	types/vue.d.ts

--02f897a4--2019-01-09--Evan You
2	2	src/core/vdom/create-functional-component.js

--d2902ca8--2019-01-09--Evan You
9	4	src/compiler/parser/index.js
12	0	test/unit/features/directives/bind.spec.js
10	0	test/unit/modules/compiler/parser.spec.js

--23a14595--2019-01-09--Evan You
7	1	src/core/vdom/create-functional-component.js
1	0	src/core/vdom/helpers/normalize-scoped-slots.js
10	6	test/unit/features/options/functional.spec.js

--fb6aa060--2019-01-09--Eduardo San Martin Morote
1	0	src/core/vdom/create-functional-component.js
17	0	test/unit/features/options/functional.spec.js
2	1	types/options.d.ts
1	0	types/test/options-test.ts

--5d52262f--2019-01-09--Evan You
4	3	src/core/instance/render-helpers/resolve-slots.js
4	1	src/core/instance/render.js
1	1	src/core/vdom/create-functional-component.js
16	4	src/core/vdom/helpers/normalize-scoped-slots.js
18	0	test/unit/features/component/component-scoped-slot.spec.js

--cf42f8e8--2019-01-09--vue-bot
21	26	BACKERS.md
15	15	README.md

--7988a554--2019-01-07--Evan You
8	1	flow/compiler.js
1	1	src/compiler/codegen/index.js
2	1	src/compiler/optimizer.js
76	7	src/compiler/parser/index.js
59	0	test/unit/features/component/component-scoped-slot.spec.js

--91327300--2019-01-07--Evan You
1	1	src/compiler/codegen/index.js

--583dd011--2019-01-07--Evan You
66	53	src/compiler/parser/index.js

--d278da20--2019-01-07--Evan You
1	1	test/ssr/ssr-bundle-render.spec.js

--bbfeb039--2019-01-07--Evan You
9	10	package.json
1	1	scripts/build.js
328	459	yarn.lock

--ab2b1f16--2019-01-04--Evan You
18	18	BACKERS.md
18	18	README.md

--75a2b4cd--2019-01-04--Evan You
18	18	BACKERS.md
18	18	README.md

--05fbc360--2019-01-03--Evan You
20	16	BACKERS.md
6	6	README.md

--c117e8f2--2019-01-03--Evan You
20	16	BACKERS.md
6	6	README.md
